2015-12-11 05:13:35,051 ERROR SqlStuff [main] <init> JDBC_Properties.txtw (Не удается найти указанный файл) 
2015-12-11 05:13:35,073 ERROR Main [main] main Connection failure 
2015-12-20 20:45:23,744 INFO SqlStuff [main] connInit trying to connect to database on url = jdbc:postgresql://who.duckdns.org/NetCracker 
2015-12-20 20:45:24,591 INFO SqlStuff [main] connInit Connection established 
2015-12-20 20:45:24,592 DEBUG SqlStuff [main] doSQL start of function 
2015-12-20 20:45:25,279 DEBUG SqlStuff [main] doSQL Table name: url_decomposed 
2015-12-20 20:45:25,279 DEBUG SqlStuff [main] doSQL Column count = 10 
2015-12-20 20:45:25,279 DEBUG SqlStuff [main] doSQL column names: url_id raw_data schema login password host port path parameters 
2015-12-20 20:45:25,280 DEBUG SqlStuff [main] doSQL End of SQL statement 
2015-12-20 20:45:25,280 DEBUG SqlStuff [main] doSQL end of function 
2015-12-20 20:45:25,280 DEBUG SqlStuff [main] doPreparedStatement start of function 
2015-12-20 20:45:25,544 DEBUG SqlStuff [main] doPreparedStatement end of function 
2015-12-20 20:45:25,544 DEBUG SqlStuff [main] doCallableStatement start of function 
2015-12-20 20:45:25,588 DEBUG SqlStuff [main] doCallableStatement printing result of callable statement 
2015-12-20 20:45:25,589 INFO SqlStuff [main] doCallableStatement max url length between 0 and 1000 url_id is 15 
2015-12-20 20:45:25,589 DEBUG SqlStuff [main] doCallableStatement end of function 
2015-12-20 21:00:47,456 INFO SqlStuff [main] connInit trying to connect to database on url = jdbc:postgresql://who.duckdns.org/NetCracker 
2015-12-20 21:00:47,657 INFO SqlStuff [main] connInit Connection established 
2015-12-20 21:00:47,657 DEBUG SqlStuff [main] doSQL start of function 
2015-12-20 21:00:47,967 DEBUG SqlStuff [main] doSQL Table name: url_decomposed 
2015-12-20 21:00:47,967 DEBUG SqlStuff [main] doSQL Column count = 10 
2015-12-20 21:00:47,968 DEBUG SqlStuff [main] doSQL column names: url_id raw_data schema login password host port path parameters 
2015-12-20 21:00:47,968 DEBUG SqlStuff [main] doSQL End of SQL statement 
2015-12-20 21:00:47,968 DEBUG SqlStuff [main] doSQL end of function 
2015-12-20 21:00:47,969 DEBUG SqlStuff [main] doPreparedStatement start of function 
2015-12-20 21:00:48,190 DEBUG SqlStuff [main] doPreparedStatement end of function 
2015-12-20 21:00:48,190 DEBUG SqlStuff [main] doCallableStatement start of function 
2015-12-20 21:00:48,206 DEBUG SqlStuff [main] doCallableStatement printing result of callable statement 
2015-12-20 21:00:48,206 INFO SqlStuff [main] doCallableStatement max url length between 0 and 1000 url_id is 15 
2015-12-20 21:00:48,207 DEBUG SqlStuff [main] doCallableStatement end of function 
2015-12-27 03:08:42,803 INFO Main [main] main trying to connect to database on url = jdbc:postgresql://who.duckdns.org/NetCracker 
2015-12-27 03:08:43,008 INFO Main [main] main Connection established 
2015-12-27 03:08:43,009 DEBUG SqlStuff [main] doSQL start of function 
2015-12-27 03:08:44,545 DEBUG SqlStuff [main] doSQL Table name: url_decomposed 
2015-12-27 03:08:44,546 DEBUG SqlStuff [main] doSQL Column count = 10 
2015-12-27 03:08:44,546 DEBUG SqlStuff [main] doSQL column names: url_id raw_data schema login password host port path parameters 
2015-12-27 03:08:44,547 DEBUG SqlStuff [main] doSQL End of SQL statement 
2015-12-27 03:08:44,547 DEBUG SqlStuff [main] doSQL end of function 
2015-12-27 03:08:44,548 DEBUG SqlStuff [main] doPreparedStatement start of function 
2015-12-27 03:08:44,823 DEBUG SqlStuff [main] doPreparedStatement end of function 
2015-12-27 03:08:44,824 DEBUG SqlStuff [main] doCallableStatement start of function 
2015-12-27 03:08:44,839 DEBUG SqlStuff [main] doCallableStatement printing result of callable statement 
2015-12-27 03:08:44,840 INFO SqlStuff [main] doCallableStatement max url length between 0 and 1000 url_id is 15 
2015-12-27 03:08:44,841 DEBUG SqlStuff [main] doCallableStatement end of function 
