2015-12-10 03:29:55,248 ERROR SqlStuff [main] Failed to find connection properties file 
2015-12-10 03:29:55,281 ERROR Main [main] Failed to establish connection to database 
2015-12-10 03:35:42,095 ERROR SqlStuff [main] Failed to find connection properties file 
2015-12-10 03:35:42,124 ERROR Main [main] Failed to establish connection to database 
2015-12-10 03:36:50,979 ERROR SqlStuff [main] Failed to find connection properties file 
2015-12-10 03:36:51,012 ERROR Main [main] Failed to establish connection to database 
2015-12-10 03:38:42,496 ERROR SqlStuff [main] Failed to find connection properties file 
2015-12-10 03:38:42,529 ERROR Main [main] Failed to establish connection to database 
2015-12-10 03:52:06,822 ERROR SqlStuff [main] Failed to find connection properties file 
2015-12-10 03:52:06,866 ERROR Main [main] Issue with connection to database 
2015-12-10 03:52:36,223 ERROR Main [main] Issue with connection to database 
2015-12-10 03:53:58,298 ERROR SqlStuff [main] Failed read connection properties file 
2015-12-10 03:53:58,300 ERROR Main [main] Issue with connection to database 
2015-12-10 03:55:11,108 ERROR SqlStuff [main] <init> Failed read connection properties file 
2015-12-10 03:55:11,110 ERROR Main [main] main Issue with connection to database 
2015-12-10 03:55:29,179 ERROR SqlStuff [main] SqlStuff <init> Failed read connection properties file 
2015-12-10 03:55:29,182 ERROR Main [main] Main main Issue with connection to database 
2015-12-10 03:55:47,964 ERROR SqlStuff [main] SqlStuff <init> Failed read connection properties file 
2015-12-10 03:55:47,966 ERROR Main [main] Main main Issue with connection to database 
2015-12-10 03:56:08,292 ERROR SqlStuff [main] <init> Failed read connection properties file 
2015-12-10 03:56:08,294 ERROR Main [main] main Issue with connection to database 
2015-12-10 03:57:14,087 ERROR SqlStuff [main] SqlStuff <init> Failed read connection properties file 
2015-12-10 03:57:14,089 ERROR Main [main] Main main Issue with connection to database 
2015-12-10 03:57:53,901 ERROR SqlStuff [main] <init> Failed read connection properties file 
2015-12-10 03:57:53,904 ERROR Main [main] main Issue with connection to database 
2015-12-10 03:58:30,947 ERROR SqlStuff [main] <init> Failed read connection properties file 
2015-12-10 03:58:30,950 ERROR Main [main] main Issue with connection to database 
2015-12-10 03:58:45,611 ERROR SqlStuff [main] <init> Failed read connection properties file 
2015-12-10 03:58:45,613 ERROR Main [main] main Issue with connection to database 
2015-12-10 03:59:20,657 ERROR SqlStuff [main] <init> Failed read connection properties file 
2015-12-10 03:59:20,659 ERROR Main [main] main Issue with connection to database 
2015-12-10 03:59:30,297 ERROR SqlStuff [main] <init> Failed read connection properties file 
2015-12-10 03:59:30,299 ERROR Main [main] main Issue with connection to database 
2015-12-10 03:59:44,530 ERROR SqlStuff [main] <init> Failed read connection properties file 
2015-12-10 03:59:44,532 ERROR Main [main] main Issue with connection to database 
2015-12-10 04:00:12,672 ERROR SqlStuff [main] <init> Failed read connection properties file 
2015-12-10 04:00:12,673 ERROR Main [main] main Issue with connection to database 
2015-12-10 04:03:47,451 ERROR SqlStuff [main] <init> Failed read connection properties file 
2015-12-10 04:03:47,486 ERROR Main [main] main Issue with connection to database 
2015-12-10 04:04:06,288 ERROR SqlStuff [main] <init> Failed read connection properties file 
2015-12-10 04:04:06,319 ERROR Main [main] main Issue with connection to database 
2015-12-10 04:04:25,854 ERROR SqlStuff [main] <init> Failed read connection properties file 
2015-12-10 04:04:25,887 ERROR Main [main] main Issue with connection to database 
2015-12-10 04:05:36,817 ERROR SqlStuff [main] <init> Failed read connection properties file 
2015-12-10 04:05:36,858 ERROR Main [main] main Issue with connection to database 
2015-12-10 04:05:53,999 ERROR SqlStuff [main] <init> Failed read connection properties file 
2015-12-10 04:05:54,033 ERROR Main [main] main Issue with connection to database 
