2015-12-06 02:29:54,527 INFO SqlStuff [main] <init> successfully connected to database 
2015-12-06 02:32:07,154 INFO SqlStuff [main] <init> successfully connected to database on url = "jdbc:postgresql://who.duckdns.org/NetCracker" 
2015-12-06 02:37:29,625 INFO SqlStuff [main] <init> successfully connected to database on url = "jdbc:postgresql://who.duckdns.org/NetCracker" 
2015-12-06 02:41:37,023 INFO SqlStuff [main] <init> successfully connected to database on url = "jdbc:postgresql://who.duckdns.org/NetCracker" 
2015-12-06 02:43:47,075 INFO SqlStuff [main] <init> successfully connected to database on url = "jdbc:postgresql://who.duckdns.org/NetCracker" 
2015-12-06 02:44:21,457 INFO SqlStuff [main] <init> successfully connected to database on url = "jdbc:postgresql://who.duckdns.org/NetCracker" 
2015-12-06 02:45:16,749 INFO SqlStuff [main] <init> successfully connected to database on url = "jdbc:postgresql://who.duckdns.org/NetCracker" 
2015-12-06 02:46:45,216 INFO SqlStuff [main] <init> successfully connected to database on url = "jdbc:postgresql://who.duckdns.org/NetCracker" 
2015-12-06 02:49:03,229 INFO SqlStuff [main] <init> successfully connected to database on url = "jdbc:postgresql://who.duckdns.org/NetCracker" 
2015-12-06 02:51:06,931 INFO SqlStuff [main] <init> successfully connected to database on url = "jdbc:postgresql://who.duckdns.org/NetCracker" 
2015-12-06 02:51:52,431 INFO SqlStuff [main] <init> successfully connected to database on url = "jdbc:postgresql://who.duckdns.org/NetCracker" 
2015-12-06 02:52:57,265 INFO SqlStuff [main] <init> successfully connected to database on url = "jdbc:postgresql://who.duckdns.org/NetCracker 
2015-12-06 02:53:13,477 INFO SqlStuff [main] <init> successfully connected to database on url = jdbc:postgresql://who.duckdns.org/NetCracker 
2015-12-06 02:54:05,330 INFO SqlStuff [main] <init> trying to connect to database on url = null 
2015-12-06 02:55:18,255 INFO SqlStuff [main] <init> trying to connect to database on url = jdbc:postgresql://who.duckdns.org/NetCracker 
2015-12-06 03:13:15,440 INFO SqlStuff [main] <init> trying to connect to database on url = jdbc:postgresql://who.duckdns.org/NetCracker 
2015-12-06 03:16:17,757 INFO SqlStuff [main] <init> trying to connect to database on url = jdbc:postgresql://who.duckdns.org/NetCracker 
2015-12-06 03:18:10,023 INFO SqlStuff [main] <init> trying to connect to database on url = jdbc:postgresql://who.duckdns.org/NetCracker 
2015-12-06 03:23:30,363 INFO SqlStuff [main] <init> trying to connect to database on url = jdbc:postgresql://who.duckdns.org/NetCracker 
2015-12-06 03:23:58,108 INFO SqlStuff [main] <init> trying to connect to database on url = jdbc:postgresql://who.duckdns.org/NetCracker 
2015-12-06 03:24:25,587 INFO SqlStuff [main] <init> trying to connect to database on url = jdbc:postgresql://who.duckdns.org/NetCracker 
2015-12-06 03:25:49,115 INFO SqlStuff [main] <init> trying to connect to database on url = jdbc:postgresql://who.duckdns.org/NetCracker 
2015-12-06 03:25:58,462 INFO SqlStuff [main] <init> trying to connect to database on url = jdbc:postgresql://who.duckdns.org/NetCracker 
2015-12-06 03:26:46,300 INFO SqlStuff [main] <init> trying to connect to database on url = jdbc:postgresql://who.duckdns.org/NetCracker 
2015-12-06 03:27:27,121 INFO SqlStuff [main] <init> trying to connect to database on url = jdbc:postgresql://who.duckdns.org/NetCracker 
2015-12-06 03:28:10,298 INFO SqlStuff [main] <init> trying to connect to database on url = jdbc:postgresql://who.duckdns.org/NetCracker 
2015-12-06 03:28:34,888 INFO SqlStuff [main] <init> trying to connect to database on url = jdbc:postgresql://who.duckdns.org/NetCracker 
2015-12-06 03:28:58,663 INFO SqlStuff [main] <init> trying to connect to database on url = jdbc:postgresql://who.duckdns.org/NetCracker 
2015-12-06 03:29:23,714 INFO SqlStuff [main] <init> trying to connect to database on url = jdbc:postgresql://who.duckdns.org/NetCracker 
2015-12-06 03:35:40,808 INFO SqlStuff [main] <init> trying to connect to database on url = jdbc:postgresql://who.duckdns.org/NetCracker 
2015-12-06 03:37:45,760 INFO SqlStuff [main] <init> trying to connect to database on url = jdbc:postgresql://who.duckdns.org/NetCracker 
2015-12-06 03:39:21,929 INFO SqlStuff [main] <init> trying to connect to database on url = jdbc:postgresql://who.duckdns.org/NetCracker 
2015-12-06 03:40:12,004 INFO SqlStuff [main] <init> trying to connect to database on url = jdbc:postgresql://who.duckdns.org/NetCracker 
2015-12-06 03:40:29,131 INFO SqlStuff [main] <init> trying to connect to database on url = jdbc:postgresql://who.duckdns.org/NetCracker 
2015-12-06 04:27:57,563 INFO SqlStuff [main] <init> trying to connect to database on url = jdbc:postgresql://who.duckdns.org/NetCracker 
2015-12-06 04:28:12,835 INFO SqlStuff [main] <init> trying to connect to database on url = jdbc:postgresql://who.duckdns.org/NetCracker 
2015-12-06 04:28:39,411 INFO SqlStuff [main] <init> trying to connect to database on url = jdbc:postgresql://who.duckdns.org/NetCracker 
2015-12-06 04:29:43,843 INFO SqlStuff [main] <init> trying to connect to database on url = jdbc:postgresql://who.duckdns.org/NetCracker 
2015-12-06 04:29:59,063 INFO SqlStuff [main] <init> trying to connect to database on url = jdbc:postgresql://who.duckdns.org/NetCracker 
2015-12-06 04:30:15,514 INFO SqlStuff [main] <init> trying to connect to database on url = jdbc:postgresql://who.duckdns.org/NetCracker 
2015-12-06 04:30:54,881 INFO SqlStuff [main] <init> trying to connect to database on url = jdbc:postgresql://who.duckdns.org/NetCracker 
2015-12-06 04:35:52,845 INFO SqlStuff [main] <init> trying to connect to database on url = jdbc:postgresql://who.duckdns.org/NetCracker 
2015-12-06 04:37:05,571 INFO SqlStuff [main] <init> trying to connect to database on url = jdbc:postgresql://who.duckdns.org/NetCracker 
2015-12-06 04:37:20,577 INFO SqlStuff [main] <init> trying to connect to database on url = jdbc:postgresql://who.duckdns.org/NetCracker 
2015-12-06 04:37:51,303 INFO SqlStuff [main] <init> trying to connect to database on url = jdbc:postgresql://who.duckdns.org/NetCracker 
2015-12-06 04:38:01,027 INFO SqlStuff [main] <init> trying to connect to database on url = jdbc:postgresql://who.duckdns.org/NetCracker 
2015-12-06 04:38:18,720 INFO SqlStuff [main] <init> trying to connect to database on url = jdbc:postgresql://who.duckdns.org/NetCracker 
2015-12-06 04:38:37,322 INFO SqlStuff [main] <init> trying to connect to database on url = jdbc:postgresql://who.duckdns.org/NetCracker 
2015-12-06 04:39:01,895 INFO SqlStuff [main] <init> trying to connect to database on url = jdbc:postgresql://who.duckdns.org/NetCracker 
2015-12-06 04:39:19,928 INFO SqlStuff [main] <init> trying to connect to database on url = jdbc:postgresql://who.duckdns.org/NetCracker 
2015-12-06 04:40:06,593 INFO SqlStuff [main] <init> trying to connect to database on url = jdbc:postgresql://who.duckdns.org/NetCracker 
2015-12-07 03:33:42,763 INFO SqlStuff [main] <init> trying to connect to database on url = jdbc:postgresql://who.duckdns.org/NetCracker 
2015-12-07 03:40:28,832 INFO SqlStuff [main] <init> trying to connect to database on url = jdbc:postgresql://who.duckdns.org/NetCracker 
2015-12-07 03:41:04,950 INFO SqlStuff [main] <init> trying to connect to database on url = jdbc:postgresql://who.duckdns.org/NetCracker 
2015-12-07 03:41:25,000 INFO SqlStuff [main] <init> trying to connect to database on url = jdbc:postgresql://who.duckdns.org/NetCracker 
2015-12-07 03:55:31,055 INFO SqlStuff [main] <init> trying to connect to database on url = jdbc:postgresql://who.duckdns.org/NetCracker 
2015-12-07 03:55:31,871 INFO SqlStuff [main] doCallableStatement max url length between 0 and 1000 url_id is 15 
